[debug] [2023-01-22T14:22:55.313Z] ----------------------------------------------------------------------
[debug] [2023-01-22T14:22:55.316Z] Command:       C:\Program Files\nodejs\node.exe C:\Users\jatav\AppData\Roaming\npm\node_modules\firebase-tools\lib\bin\firebase.js deploy
[debug] [2023-01-22T14:22:55.317Z] CLI Version:   11.21.0
[debug] [2023-01-22T14:22:55.317Z] Platform:      win32
[debug] [2023-01-22T14:22:55.317Z] Node Version:  v16.14.2
[debug] [2023-01-22T14:22:55.318Z] Time:          Sun Jan 22 2023 19:52:55 GMT+0530 (India Standard Time)
[debug] [2023-01-22T14:22:55.319Z] ----------------------------------------------------------------------
[debug] 
[debug] [2023-01-22T14:22:55.411Z] > command requires scopes: ["email","openid","https://www.googleapis.com/auth/cloudplatformprojects.readonly","https://www.googleapis.com/auth/firebase","https://www.googleapis.com/auth/cloud-platform"]
[debug] [2023-01-22T14:22:55.412Z] > authorizing via signed-in user (jatavvinod1997@gmail.com)
[debug] [2023-01-22T14:22:55.412Z] [iam] checking project weather-app-8bf23 for permissions ["firebase.projects.get","firebasehosting.sites.update"]
[debug] [2023-01-22T14:22:55.415Z] >>> [apiv2][query] POST https://cloudresourcemanager.googleapis.com/v1/projects/weather-app-8bf23:testIamPermissions [none]
[debug] [2023-01-22T14:22:55.416Z] >>> [apiv2][(partial)header] POST https://cloudresourcemanager.googleapis.com/v1/projects/weather-app-8bf23:testIamPermissions x-goog-quota-user=projects/weather-app-8bf23
[debug] [2023-01-22T14:22:55.416Z] >>> [apiv2][body] POST https://cloudresourcemanager.googleapis.com/v1/projects/weather-app-8bf23:testIamPermissions {"permissions":["firebase.projects.get","firebasehosting.sites.update"]}
[debug] [2023-01-22T14:22:57.485Z] <<< [apiv2][status] POST https://cloudresourcemanager.googleapis.com/v1/projects/weather-app-8bf23:testIamPermissions 200
[debug] [2023-01-22T14:22:57.486Z] <<< [apiv2][body] POST https://cloudresourcemanager.googleapis.com/v1/projects/weather-app-8bf23:testIamPermissions {"permissions":["firebase.projects.get","firebasehosting.sites.update"]}
[debug] [2023-01-22T14:22:57.490Z] >>> [apiv2][query] GET https://firebase.googleapis.com/v1beta1/projects/weather-app-8bf23 [none]
[debug] [2023-01-22T14:22:58.119Z] <<< [apiv2][status] GET https://firebase.googleapis.com/v1beta1/projects/weather-app-8bf23 200
[debug] [2023-01-22T14:22:58.120Z] <<< [apiv2][body] GET https://firebase.googleapis.com/v1beta1/projects/weather-app-8bf23 {"projectId":"weather-app-8bf23","projectNumber":"153260873485","displayName":"Weather-app","name":"projects/weather-app-8bf23","resources":{"hostingSite":"weather-app-8bf23"},"state":"ACTIVE","etag":"1_6e00bae4-1595-4185-b535-d0fc0ac6c33f"}
[info] 
[info] === Deploying to 'weather-app-8bf23'...
[info] 
[info] i  deploying hosting 
[debug] [2023-01-22T14:22:58.145Z] >>> [apiv2][query] POST https://firebasehosting.googleapis.com/v1beta1/projects/-/sites/weather-app-8bf23/versions [none]
[debug] [2023-01-22T14:22:58.146Z] >>> [apiv2][body] POST https://firebasehosting.googleapis.com/v1beta1/projects/-/sites/weather-app-8bf23/versions {"status":"CREATED","labels":{"deployment-tool":"cli-firebase"}}
[debug] [2023-01-22T14:23:00.026Z] <<< [apiv2][status] POST https://firebasehosting.googleapis.com/v1beta1/projects/-/sites/weather-app-8bf23/versions 200
[debug] [2023-01-22T14:23:00.027Z] <<< [apiv2][body] POST https://firebasehosting.googleapis.com/v1beta1/projects/-/sites/weather-app-8bf23/versions {"name":"projects/153260873485/sites/weather-app-8bf23/versions/061e78550a7de584","status":"CREATED","config":{},"labels":{"deployment-tool":"cli-firebase"}}
[info] i  hosting[weather-app-8bf23]: beginning deploy... 
[info] i  hosting[weather-app-8bf23]: found 15 files in build 
[debug] [2023-01-22T14:23:00.047Z] [hosting] uploading with 200 concurrency
[debug] [2023-01-22T14:23:00.244Z] [hosting] hash cache [YnVpbGQ] stored for 15 files
[debug] [2023-01-22T14:23:00.245Z] [hosting][hash queue][FINAL] {"max":190,"min":2,"avg":21.6,"active":0,"complete":15,"success":15,"errored":0,"retried":0,"total":15,"elapsed":196}
[debug] [2023-01-22T14:23:00.245Z] >>> [apiv2][query] POST https://firebasehosting.googleapis.com/v1beta1/projects/153260873485/sites/weather-app-8bf23/versions/061e78550a7de584:populateFiles [none]
[debug] [2023-01-22T14:23:00.245Z] >>> [apiv2][body] POST https://firebasehosting.googleapis.com/v1beta1/projects/153260873485/sites/weather-app-8bf23/versions/061e78550a7de584:populateFiles {"files":{"/favicon.ico":"eae62e993eb980ec8a25058c39d5a51feab118bd2100c4deebb2a9c158ec11f9","/logo192.png":"3ee59515172ee198f3be375979df15ac5345183e656720a381b8872b2a39dc8b","/logo512.png":"ee7e2f3fdb8209c4b6fd7bef6ba50d1b9dba30a25bb5c3126df057e1cb6f5331","/manifest.json":"aff3449bdc238776f5d6d967f19ec491b36aed5fb7f23ccff6500736fd58494a","/robots.txt":"bfe106a3fb878dc83461c86818bf74fc1bdc7f28538ba613cd3e775516ce8b49","/asset-manifest.json":"8febc427e2f63626a5b055ce9947ff4aed8cd92f3c8b97f078a90c2a188c92c3","/index.html":"37eb3d34518671db3fbbb5e3fa31305e2a64c947daed60cc625eca901e7fb8d1","/static/css/main.073c9b0a.css":"8b8f2d87f7737fef44b104fc400af1e51879b3a26e898af1efd53c2420edb289","/static/js/787.28cb0dcd.chunk.js":"b72129aadef2b1cce5f847b935b4b58bca879c736479ede4c4e80bccf03f82a0","/static/css/main.073c9b0a.css.map":"349007387ce08dba4047bc091146a7c253b8c007164b478d17385391c8e2636f","/static/js/main.25e24926.js.LICENSE.txt":"ca42bf07f96d957743d28a0df084ecc589c4016dae0437579f9216342e411dc6","/static/js/787.28cb0dcd.chunk.js.map":"f5e289f1d3a65301e04aa54c001e681f700b9c8f4ba2774a7c5f92bf93d0d3a6","/static/js/main.25e24926.js":"fc5b9fe018f3104d2e20b10c6f95a324c24d24d283a37dbb8d751c4034e1f539","/static/media/Rectangle.fb68075a009deee92f65.png":"603505aaf1bf2a063b087d7b2f7369bb635ecdc81f02adb6215a736dc9e11e8a","/static/js/main.25e24926.js.map":"56f819883c92032c5fd174abfa8516ce9fe60d6fe896f71da80e81d64db92f90"}}
[debug] [2023-01-22T14:23:01.941Z] <<< [apiv2][status] POST https://firebasehosting.googleapis.com/v1beta1/projects/153260873485/sites/weather-app-8bf23/versions/061e78550a7de584:populateFiles 200
[debug] [2023-01-22T14:23:01.941Z] <<< [apiv2][body] POST https://firebasehosting.googleapis.com/v1beta1/projects/153260873485/sites/weather-app-8bf23/versions/061e78550a7de584:populateFiles {"uploadRequiredHashes":["37eb3d34518671db3fbbb5e3fa31305e2a64c947daed60cc625eca901e7fb8d1"],"uploadUrl":"https://upload-firebasehosting.googleapis.com/upload/sites/weather-app-8bf23/versions/061e78550a7de584/files"}
[debug] [2023-01-22T14:23:01.944Z] >>> [apiv2][query] POST https://upload-firebasehosting.googleapis.com/upload/sites/weather-app-8bf23/versions/061e78550a7de584/files/37eb3d34518671db3fbbb5e3fa31305e2a64c947daed60cc625eca901e7fb8d1 [none]
[debug] [2023-01-22T14:23:01.945Z] >>> [apiv2][body] POST https://upload-firebasehosting.googleapis.com/upload/sites/weather-app-8bf23/versions/061e78550a7de584/files/37eb3d34518671db3fbbb5e3fa31305e2a64c947daed60cc625eca901e7fb8d1 [stream]
[debug] [2023-01-22T14:23:01.950Z] [hosting][populate queue][FINAL] {"max":1701,"min":1701,"avg":1701,"active":0,"complete":1,"success":1,"errored":0,"retried":0,"total":1,"elapsed":1707}
[debug] [2023-01-22T14:23:01.951Z] [hosting] uploads queued: 1
[debug] [2023-01-22T14:23:04.989Z] <<< [apiv2][status] POST https://upload-firebasehosting.googleapis.com/upload/sites/weather-app-8bf23/versions/061e78550a7de584/files/37eb3d34518671db3fbbb5e3fa31305e2a64c947daed60cc625eca901e7fb8d1 200
[debug] [2023-01-22T14:23:04.989Z] <<< [apiv2][body] POST https://upload-firebasehosting.googleapis.com/upload/sites/weather-app-8bf23/versions/061e78550a7de584/files/37eb3d34518671db3fbbb5e3fa31305e2a64c947daed60cc625eca901e7fb8d1 [stream]
[debug] [2023-01-22T14:23:04.990Z] [hosting][upload queue][FINAL] {"max":3048,"min":3048,"avg":3048,"active":0,"complete":1,"success":1,"errored":0,"retried":0,"total":1,"elapsed":3048}
[info] +  hosting[weather-app-8bf23]: file upload complete 
[debug] [2023-01-22T14:23:04.995Z] [hosting] deploy completed after 4964ms
[debug] [2023-01-22T14:23:05.002Z] [
  {
    "config": {
      "public": "build",
      "ignore": [
        "firebase.json",
        "**/.*",
        "**/node_modules/**"
      ],
      "site": "weather-app-8bf23"
    },
    "version": "projects/153260873485/sites/weather-app-8bf23/versions/061e78550a7de584"
  }
]
[info] i  hosting[weather-app-8bf23]: finalizing version... 
[debug] [2023-01-22T14:23:05.013Z] >>> [apiv2][query] PATCH https://firebasehosting.googleapis.com/v1beta1/projects/-/sites/weather-app-8bf23/versions/061e78550a7de584 updateMask=status%2Cconfig
[debug] [2023-01-22T14:23:05.014Z] >>> [apiv2][body] PATCH https://firebasehosting.googleapis.com/v1beta1/projects/-/sites/weather-app-8bf23/versions/061e78550a7de584 {"status":"FINALIZED","config":{}}
[debug] [2023-01-22T14:23:31.104Z] Error: Timed out.
    at Timeout._onTimeout (C:\Users\jatav\AppData\Roaming\npm\node_modules\firebase-tools\lib\utils.js:253:49)
    at listOnTimeout (node:internal/timers:559:17)
    at processTimers (node:internal/timers:502:7)
[error] 
[error] Error: An unexpected error has occurred.
